hDp54EN93auXcyTixNXCg3POcovbBTSvnKni5INhnl7YqMZJztuFtEs9cDA/NRbnC5+sTaKE248LdHW/sOmOf5wWTnroirMfQUvA+b5dlH6mJNPZWkvdOGg85rr4pY0AE1d1bvm410wkwvALPGIHmVL91YOctw4zoUvmxfauZGdLtK9+G9YC3hO8bCgfKj+XqTYrXM2Ic4iTprPF
bIeAdJ95zJyN1jDC0NaBvwIMdD0qQ81vGcE7XbWnkMAHHTV5AQIYL/VlNCIigYMSXr9T2CNGYT/0MePm24I5f8IPNPAgXGbga6Aj68hAaCEVNnMmcyoO6aWFwP3vcys78UqdIPL+OVOstNrN8qa0Ej7fZAYsxOUgor0Dxx+xJY5DnQOcsb1Ri0JvcVMNF2tP5Y2ps8w=
BhMLf0zutq6UefN3TEmgP2QWeuuIDSpydQwsv41tousp5gtIE5DIhXPwfstpfl0JJ847p7xWnZ+skduPDNJppbeHtf9tQILoCT7sWYMO12EtCMQqhi2FXrhsuNBjHzOGPkz0gJvBJclgv5JH7LByVkMPJmHVRqyeZhw035UuZ4XFGCVyv1IAgBCNULg/l0bPhRUg3cYNpammo3oUPIl/pl/Ih1yqgPe+TO6zsMfZ/cQ7CjEi+3bXhLPj
lixnK1CgFOJtcTzv20fm38VSM+Th3pDj8NvY6+/Zm3aKp3fhjrNVJSH6jAsJmHlys9fWFZn24YY7d9B7LtD6qLSoKeSZOzLkykmHgumm6Z6cgQchOi1VN2lzI75HAOiKK1uusODdiIKW+uzrPkZ2cDfIABl5V6U1pwbR6Zk8a0mDwwArS4P3M0kn97mzs9Y=
t3qgfrvYz+oHiLY9DVVTFRepXxnRvH8EIn5lDPcM9QJcO+R3fDZIYpuZr56Wl3v5ulKBHW2qMOOdGO0aDwcaLc2W1Z43R8wTGhAOACjYpXxtm2achpl7qv2m/bZgUUtZbo2hr+UDvxazwNziN2uiqNS93LpaKlCDqsbimIuYTCGtt5EtqzbNAa18H+EfM4yzPyMjy4V3i5Gns8I=
kJcewgi9IDEJJUPxy6WJLxepXxnRvH8EIn5lDPcM9QJcKux5ejlJMJuZr56Wl3v5ulGBHW2qMOOdGO0aDwcaLc2W1Z43R8wTGhAOACjYpXxtm2achpl7qv2m/bZgUUtZbo2hr+UDvxazwNziN2uiqNS93LpaKlCDqsbimIuYTCGtt5EtqzbNAa18H+EfM4yzPyMjy4V3i5Gns8I=
7EeGupimj9lH4k1DT4qZvpcKOCl731pW/54dMM659mT5RbQyQwmrob1so2wSbl8iK9iSuOmK/eYECCHYz9l7Nuonl6HusLVlQXpsS2mYmbLTVzbV+fYBRlv3MLtO0NpoFCiJJLk7EiRqySdCyabJXjwBp+EaLXX3yfODfmcAiErL285wAN3oQnZ6jCveRhYw10hgWZlXxXVHhrGpeTxLCSNDoGtrg9dz6adX+ZOz9g==
FDmhkNxK3QZQguROwSWFSXPn+wc/4oKp/PKcPIV5ooWze7SfhJCmCAleLPkD7hcBLyiHigZNRX64THiw479zpj4sNGAbYeWpYF/S52zQMrZDL+bBVabsvmY8dD8VjqelxfhlEj/yQGAQ7ZAYv3eGr4U1YH1GbWWJpoO6dLwpP4ZfqEe8KiA33kwO8xBHub0kOyrxgnuWl6Szww==
EBCJQH+MnlbBZjSEweLFtklYuMb2kVQZxeVzDCVjZxH9GPNKdBsDVBED0fjf2WtW2ufHAR42JYXxOrxrGZhpkoOXhrVpdnHmi7cAW17Qykhk6FlECbuChJqJd6L5pvm+bEFXQYqtxZcZM/NedwCYqvubHtBwXXgixrrcCy5GZhAHCNC5Cdc11RdGgclpPFsp0wPwi9sDR9OZZ4eZo7PG
1/07gtuy2RAHt0t8eXuQ/S7deJvHDTf8hqv89JAmgn3YpcYmqLXsrkIqaTgAAzuAQ9P9HvvAzpMBPHiKtOq7cYcUTnroirMfQUvA+b5dlH6mJNPZWkvdOGg85rr4pY0AE1d1bvm410wkwvALPGIHmVL91YOctw4zoUvmxfauZGdLtK9+G9YC3hO8bCgfKj+XqTYrXM2Ic4iTprPF
XEkpX4nuA02B5ux0FCn9Zi3FaxwtY28B5TgbehNRldb8KGkIV1nj5iJHr1HG9B312dqkexGYYYKb965FUTYpNmMXeOvWUEI43AjxFFF7erTyqW+y8abxrnRhP3FybZ3HsdNLLv+AEBqDO/YAKB1A0u7axBsmRm4AH+j4yTEX7YV/5nl54bzT2WtjWFsDQz/jcUefiauzzg==
wl09WGLqHq7rXhSp7qcKUbbsngqA5E9L+D1JEiN6V4CJ1rxBY7anyehn99ImtVV2uERoSMPnA+7+5IQ4e9l1IeDXQl+MCIL+A+cWGXXe/LZmNGRHNVZXbYWw1crfStDokGUAoN8vNmdFfRAlZpV1gaaLqoyccU/On2D35EqYp1bMhmOop2ENbHviAVpb7oess8s=
dBTB1pLEeXbTp7K40NE08GYY5bOD31WkAHCysPQ5zIatheXRuRMxELmdQcyZDQwWMpLpgHC72zgzaz4hi/guq3EEeLLE0ltJ9yyOwpgyU6cx80BBzuV0xtacE+Eqcz0AGATmgoidbThjb7XWiQA39FR6cLNM2uchIkUVu+yP7gvRc+b9hpaEXzuMb8ZrbuJmYwTskG+S3y/ZjutkvbCTsOOes/0=
pgMOqVrC1QuGCtiNLSoUEhPTnLfP0o4xD/nJzCRQKeTsRtC/W0s/gL8s/9YhIZxcoJMp7QEuxh3hAZ/OGmm1+O3LjEr5fody83TB4nd/dgYeioUvnGgXxlJCJf9H7/7RZQBgEHmDJv415X1t5i6phDg3iyxr917E4hReXwn4+HbMHsud7/AuZrAe4xMJz4DFBumkUg6A84XCH8104HjmxgDRfWz7M5XyIawHwOzGMLcEVrc1etl1X4Rjnv+pj2Y5jloUiyNQz2JDQlLSWzgsFKeeD7sBkgsAVdxjxBvis7k=
uesSfYkxLvivan9sJ/Im5hI7icp1G2HOdJ8fLPwW70jeQBUpFSMMMp3ps1W2nkHz6Kn2BEdZ88Zyh3/xVnTrVKkaVFthmJGi67de5SG2uZYzV6jLxlBS2IxIIfTB+8pUQulfUsGmwU5EIY+Rwu0NJ2GTG87vgAA6U3umoLidMHIemrQ71kYeIO8oiGnBl30lryYpWfG8w7m7owg7k8OPg8GHr+mbs/4=
ytAQsa4DMwDUvCt02cQ5utf+v82ma11yOduttqBPawQgdtOgynDhMRkjACpp2ae9iv6d25x5InyLmb9+ptfLGQrUF/w96uDD7RgdOl/Hyk1dFmX+h4f8cwoQHiDYGNXcnRv2PFbZK0rNps1WMBGb+f4NUQ+Vw082o8DMggerEshkPUzaiuoAo1rGkrhb2BzBPTchzRt2/eG9fA/Bb3N8E0+js2vVt1vxl7Py
r7yPVUJgrcEM3lZs0XIoawMibRY1O9+u4IhLOgg1w9Ceqf5MJkf0YrOYo4ek7EUsNxNGEk0h7bHOGmkI4FN7UOOjfOhakA5DYQx4utQ6eyEn5M4KSFrzT6F7wMleDdSuBlRTKfobHegIDOaKmHVNULOn9R5ZaJccxPLwO9wyR0nyjVVzPOfO48F75vWWfqQ360QvDrsGQo7zjGwY/3p/RwlGq6xt2LNY85az9Q==
PsdcNd8rCUqqI1FNQ1IGFG9kjMZjrpCzO14fu4uaxlddaDZGxaz8aOc9HyMGJm/BkbGczou3qmFEUK35mVLAD/113ORBMAuyJo+r2Ft2mZ98gQums5IxX5rfrHC4jL6AY7ALq2Cw4EGtxksmS9q2iS11aL3HYyNbKZoFoGouYXOkpLKNGhY8ssbvHAbU9J2AKg1rB/ehLa6bzZscKe0Ja0p/WZOlZ+OvXf2Rs/Q=
1qYzVmr4UGexCpdvpt/4v8wjEitIidMTL/aKpf7ghnyYZJSzk5nVn5oRHExJGuQtU7q/5YNNLh6W2c36OMjwJHMr28KeyJw0S7Ut7SAbGjM8hBpSY0vO1UWy5LpmOHwrBZqPweUcTUZvJogkUKlYzO8jLkslUcjp1vntDSYHMuAsvZfi/0zv6Hr0/5oMSjvEF+2VwBtO2ZZrgp+gs8c=
1CoIQyIdKDJweOYXDMFUgChia6M3am1hbRrqHDBmCivviVdEQnB5uc26TH9BjeiDVicX4uon31iv3tVPYJkfRofqja8Wt3iw7KSysB+I/wv0KHwR4S5/Jn8y+tmx7fwdM1tfayWyUWC+Ru2DGNyGbQ4OIGKKR+iGoFxR0DYVf2fDWZHeFyXPXP3FBVu2Ry0zMf9/f5GVpbPA
J+0jNvurCn/VsRdFtOah822+oIt/6/qg6/zN+bmSYI9dtfziYv/rMkZPS9g7NnkfHMErppPSkd86n4xwWMzeAINwa6uAcEDBDQZrJmsaFgmNtYi9p6PD20na5aBKbsHzBOSSjTpWXDImr3wGNDT9AMrNSwfXYY0uOw27HEkt6esqP7mTxSdDL/29sbPU
ZYI1HkcbJQK6DuuLM82ioTgvEuWHbSxeYjppKCDz+zAjQ3mLFXCO4yEseJqUmvvBZ4TO6og6c+9hW8Dpnq1Uzsa0U0m6+51ISCzmqtjVzbDzx/X+mQgXvATS8BsckscpMm1VE3wHTkOBW+bV1t4k16skL+57ZsIuM6xsOD/a/yfJpqvMLTgz+LO2s9U=
Epzm3iIAzW8LlC/SmsWAeW++oJp9/f6g6/zN+bmSYI9dtfzgYv/rMkZPS9g7NnkfHMErppPSkd86n4xwWMzeAINwa6uAcEDBDQZrJmsaFgmNtYi9p6PD20na5aBKbsHzBOSSjTpWXDImr3wGNDT9AMrNSwfXYY0uOw27HEkt6esqP7mTxSdDL/29sbPU
Rb8x2Y94q4rUzmPNWgIUNjgvFPObcCxeYjppKCDz+zAjQ3+LFXCO4yEseJqUmvvBZ4TO6og6c+9hW8Dpnq1Uzsa0U0m6+51ISCzmqtjVzbDzx/X+mQgXvATS8BsckscpMm1VE3wHTkOBW+bV1t4k16skL+57ZsIuM6xsOD/a/yfJpqvMLTgz+LO2s9U=
PUzPKpI6inYbjFaq7fx0/zgvFeWJdSxeYjppKCDz+zAjQ36LFXCO4yEseJqUmvvBZ4TO6og6c+9hW8Dpnq1Uzsa0U0m6+51ISCzmqtjVzbDzx/X+mQgXvATS8BsckscpMm1VE3wHTkOBW+bV1t4k16skL+57ZsIuM6xsOD/a/yfJpqvMLTgz+LO2s9U=
2xvp4eXagoHxMt2VldEPmpN6QThCl9QWOb/EoeLmwHqYasTghZHOjJsWPkxJGuQtU7q/5YlLIB6W2c36OMjwJHMr28KeyJw0S7Ut7SAbGjM8hBpSY0vO1UWy5LpmOHwrBZqPweUcTUZvJogkUKlYzO8jLkslUcjp1vntDSYHMuAsvZfi/0zv6Hr0/5oCSjvEF+2VwBtO2ZZrgp+gs8c=
3dQo1AJeXt3/m9JAbcXHEsh7Eo24okX3ApdqPA3yiFrTOYFb45G5rKzU619AD4wAOOlAHQW09fgJLgwJQ763kaO/aFpGfaVOuHyYgKNvkza+vJQwW5HF2WCv8pesAJImw7+GkZWWjI5mDBQP1d7HNUVoxcL/gmCQEJ2w6P8nJj8FpYCtBl2FuaazWkT8+d8W3zjn7GrQF65C/tNgh2kdtLu6kdK7pveUs/M=
BSTjGEDclw2JC4F40crgaja2kMPC7JwZCq0PJToMT+6yzxfUrb7St3otPsBHNT2DgEvAju2H1JU64nt9ljGsvUYdSb7Na09gVZvFx1WgDM0ljR2MP9UkX+a9sGheoKwsK439haDzSgvcnCq6I+M+TeVKtJJmECzTpQJ/aaX0fV6PHtjM0MGI9I87HiPl+bhxdoE9JSYv4piMJedKPyTf8BrML/KComv89/WlKFvmKQ7Les+Is+8=
BSTjGEDclw2JC4F40crgaja2kMPC7JwZCq0PJToMT+6yzxfUrb7St3otPsBHNT2DgEvAju2H1JU64nt9ljGsvUYdSb7Na09gVZvFx1WgDM0ljR2MP9UkX+a9sGheoKwsK439haDzSgvcnCq6I+M+TeVKtJJmECzTpQJ/aaX0fV6PHtjM0MGI9I87HiPl+bhxdoE9JSYv4piMJedKPyTf8BrML/KComv89/WlKFvmKQ7Les+Is+8=
BrluAAxm7naIi5/ILk5/S7RVEQzDGCJKKZnXZUqc1e8c7gYiNQbmG/rqhUtt6VuvXsYaeS+5NG7TpcEQxbp2Xsl6Gyg6vArlM2SWVkVaZ8LCikKN+DWNV+Zoxwk2rf0DxcQHNE5WaVm39S/bCunf7KOx7Av2qZgs/iQE+HuZ9WHgF8KfjEgCvgOnltl1Hnz2ZnTkhzWW1y2F8FWK34pQKJAlgODf77anRb2QZWbV9UGmSyrMnDHPDp+gdyRK2CcWykfjaKchjSx7ooGaWy4H7LOL
xZnQ8wVSZez/xTdP5R+DdZ7ezi1VK1mK1h418NGi+JH7XGhE+c1ns6SocgsKY6SrsX+MH/iuUoZkVF4fibj4Nkxey91vsC4mMF7jU4mPgIWGqaQSjsDzxUJfzTRgOOaGgJF9LHtzlbKh7AeAbIYw94QWt3X6mXUfBCOevynPZnkOGhTLoxDPIsMCUpLbeCpVJ94P+4HSC0DVnGOEm6Kz+Q==
El2FfAMXcdn0yh++g5qRWsLF+4FWSoq7eVcheCwB6xz1F2YPFkZ3LlLcsPTme7jIXsZQavNWu3J2r1vYK1ZJ38xhuyYjMmEfav+8cKjsjkAz0JsrEBAQAf0meyZ7OubJ3dUYPVcDc5sZ+hWgeg6RM/QEIg2q9ozyFs9sBiTUzUCabduHZwH9buvtixo4DTkrmp/JE1XHk2+NnaGzxA==
xnyRDId+GFEIU39ltDy9jBHwceNAc3KpuDEXxJ2rN7XGfkhz0iuOF6vpST6fdbfYxBWNe+43BfPZ78cfmSV9sxg=
lfVPPGQU1w/3i9DlXtQlzxo/hcJwLzLUeqJQPOZfjEqNeikHJDYfIp6s9Uqg3Qvz4L39JwoAo+BGqkWoIyS3CvUaTUoshaSm6IJQ/iO2uZYzV6jLxlBS2IxIIfTB+8pUQulfUsGmwU5EIY+Rwu0NJ2GTG87vgAA6U3umoLidMHIemrQ71kYeIO8oiGnBl30lryYpWfG4wrm7owg7k8OPg8GHr+mbs/4=
fk6jcG5O7IZfwi6DVvt86Op7Jg5sEAw6JgSAFccli8M9QPw8xFTm8lF9frj4rM4Cw90Qy8ynt5a5OINnx/iN/X4QSaql5GWo6bCXhU/+Q9e3DVjRiAAyEE5edleaHGwSZEhtfzMaQqCTY8v63jAM/Gu93bWgw2o7HMyKKqNz3h0lOlTiZmDMo2VSn/klZN0OTy74/NDxqMTP676zZWnYoTZxXdUm34JozPWH2r+0fyBa/A/CiJNLzDelBbjbdsleCwov+LOf
kksCjpdC24DA28KC72M/Uyld1vo8sT8wEDoMD3CO6dQUHX2Wli7e34zSDVJ/wTfc/9gnDOow1w5PX5MABwld1Lsa0fI7hjd0sxM=
5pzdt54eoLhceFJNpJP+I5yzTw1KpHa8NZdfPKyFLM6+mdZMJwQ87vO+ipIeRCnpyy1xpKqO52G9GRFlQwDo1E201QNUR4eDlRVfhusu4ibjRO/R79Lfb1nO66Q9cJNwY16zPQ==
XDgI5ZL8itGgVvRjYS67lTHe5PvT8cM9bd3TNrhiRmGEUl4WDWXH+KO1gUJbRB/lHPVaIXV43ZNcSzZJPGnr1LFjUzUiNmRjrvMKd2/RVc4z/VOf4B3hy3JPwdPdN3uPdW1Zszw=
Y/5CGBtyg8JoftzOIDz2jiy9lQathGIWMZ3jiGd9LSL3zJt1uC0GYamguYNYQ1pp0KGvZFXbL7XejgDTartmV4PZUd7XpQ9fPEVFW/bHbTNxfz9/URVlswA=
XiNjK8olXxDSSyLaNIuQMckSiGRQhmA3s5FmFjWV/5iLRUkCE5S3hYRlwqHt6EUzNJv+CXRZA/TJU6s1WgacQ8bDwrcngb1uq23LH3iNeSvaHwkTlUdTb00dYbME
IWWl/5L5OJZDGNLl5v4yV+Ahp0FhtEEthJFmFjWV/5iLRUkCE5S3hYRlwqHt6EUzNJv+CXRZA/TJU6s1WgacQ8bDwrcngb1uq23LH3iNeSvaHwkTlUdTb00dYbME
t4IHxFeAZE7vs/ym6niqPvrAoBn2jzM/4JazGXkAHcm/smU4IR0iiWTBSwTja+I3iLmCFVUsDx/t9RxKWpuQjzSHUa1rNo2B7X9eYV8zzDN/I2NLRXdLEWezAg==
srh4Y7fjuq1SOsbsA0w07Da2kMPC7JwZCq0PJToMT+6yzxfUrb7St3otPsBHNT2DgEvAju2H1JU64nt9ljGsvUYdSb7Na09gVZvFx1WgDM0ljR2MP9UkX+a9sGheoKwsK439haDzSgvcnCq6I+M+TeVKtJJmECzTpQJ/aaX0fV6PHtjM0MGI9I87HiPl+bhxdoE9JSYv4piMJedKPyTf8BrML/KPo2v89/WlKFvmKQ7Les+Is+8=
Bk8OhKlyXVZtQ4ypar1TI6ICD28adnpdb5oJScb6zlIUILI+L7LV9EmgYWdPkbVOUz1zmwNdQUvSDyHT/ffbD5UtebMc
mBf/K0qkU/duu8ZdqKgILXJIo5j2Walj3B7BQKFnm9gUCLqigLg+vqMqQZeyzOfH8znhnifFP1tPZXUbBmfds+Hf7z+BNXWzEA==
e0wGkzcwdg70wEysOjHTgKMCD28adnpdb5oJScb6zlIUILI+L7LV9EmgYWdPkbVOUz1zmQNdQUvSDyHT/ffbD5UtebMc
ZRU1mcsHZXucWzp1AIfisHJIo5j2Walj3B7BQKFmm9gUCLqigLg+vqMqQZeyzOfH8znhnifFP1lPZXUbBmfds+Hf7z+BNXWzEA==
Lc3BZp92WdEfYMhCdqTO1RZw7a/PDsAv1g6ODbsytelaErqigLg+vqMqQYS9yP3H8znhnifFP1tJZXUbBmfds+Hf7z+BNXWzEA==
Ud+ygXeaz96wNtEmVVvD2SYziATcsfy14eDQY1E31oqTlEAPOuvCCKCgv1OUcUmK3L7RR2B9Duk+jd5WYG5wvPYmjz6blgKek/xrbJ9qP9cpdiucTUhzSBNmswU=
aVHJRhlzttnCJeK20YTTk9eZf31gS2c+jXImUyzFiBS9r2hTfUSwBlZekalfOHew/5fcXB1rejRXIQYKfuTlXu0sbP30OTvd3pSgoer1rqFupd5+MCbDO2KUzxaLniLWw1TrxM8iH985Xms03cDTAENOsy0=
SDNlT1cuNFWxL/b1bknxjw6qxvlMWaK43EhsF2uNhOIh2i4uLY7nG1zYgoJoyCa+u9opt4qcL4c7ibl+T1WH27H13btel5VzKY8XX6kFbbMI
M8HkvnVnl1SEH5usz9UB7tiGT7MnwVFqAcMi4usdWCeVkUtCgC2/H1ToHI3U+K5Ynl3EwzirwPh+YoHKv8Ffp4LUY43mKwjPHikoG3rBkKD8tfP2d9V+fj2t+UiDiegAElDbAtKcaeTOWyFfKVVz3NTtivEGql5b61CbTyAZX0bHak2v1je4sCwk8rBfCL8LtKg8ESGuvya/sjrZ8W28HXPbH2tlMpFgfsYtg9hcxm1OjmBiyseohmDckdD2lb9nA9nR3lelj1y5RcVbdsftM/F/v3/RFeWzgA==
KSJNTArorSyHtwSC0Z9Sk601QUBfLc0twfWRDLgggrvD8kdp2GNlmdH3tgRGbzrTe4vZwHjoJS0V+Kjm3qRA2BB9TKxZZbwP6u98DTJzQDWCsO6Bif5t0Xx+P6njQPm9+hAApOFqyLgLxCx/e7cTIaEMhtlwuVxunBsplMEH2q0NlhUe90eMk1oQToBo2OX8LZsmHEaZuyo9pj02oFGL2S6N4S+lA/+W88CcYndrYigUvRw6miqQA2rGohjLmAyh7bfRres2DYFtfNth3zNMM/8j40vFd8sR57OC
nKD3yAlMUw6F3prLG7QkYHwS0hp1dOectEMWv/ZG1hJlATAVrCRTEu4HvukxqjhJITOmmU6wBepR21luPCJGphT2Rs75UbmZX+2fvYf1uxkoZzsOcvBX//6+K3zEfANxmJkuVpZFLphUXc2UI4bPGnQvQxcVocj/u4j2fuN/8+Y+bLQgGyFl6WCfUidsELJ2Q+9mgVXmbP5mfPR/Fc4nZcU45dI/MsCgEK0QWL83Bu+FdeC9Rq3lSaZDOrS86b/GX+jH/Cpgt55MynPQR3k95DvqccJ71hfks4M=
2fjBDhaQjio2mPmzHna4bHwS0hp1dOectEMWv/ZG1hJlATAVrCRTFO4Hvuk3qjhJITOmmU6wBepR21luEDVGrwj4Uc75UbmZX+2fvYf1uxkoZzsOcvBX//6+K3zEfANxmJkuVpZFLphUXc2UI4bPGnQvQxcVocj/u4j2fuN/8+Y+bLQgGyFl6WCfUidsELJ2Q+9mgVXmbP5mfPR/Fc4nZcU45dI/MsCgEK0QWL83Bu+FdeC9Rq3lSaZDOrS86b/GX+jH/Cpgt55MynPQR3k95DvqccJ71hfks4M=
CNL4BxemYjLDt7IH+O3V1Ln15xYEho2CcQEmjppvfdprJZWbhfY7jCqgR2FcApnPuMR2hk/6QA2G8gVFA3n5+TK+7qsYJNEvnXt/y3OH/9uvCziRBwR67lP9/rgnZtxyN4OojzJ8/nvKujS74e4baJtIpBk/3d3/jD17zjqkuzEHVE66aEqz38GLwDk+nZS+JuTTmdoL3XjofOb6eOWNQJMXda55eNeMpALwy7yiB1nSPdXDHPcOcyEL5oV27mQny/SvvpsWAh6TfGzsn+o/Vyn2KxxNyHPIE+azhQ==
SrKjKXgx8XY2L+37pYMGEXwS0hp1dOectEMWv/ZG1hJlATAVrCRTFO4Hvuk3qjhJITOmmU6wBepR21luPCJGuAn3TM75UbmZX+2fvYf1uxkoZzsOcvBX//6+K3zEfANxmJkuVpZFLphUXc2UI4bPGnQvQxcVocj/u4j2fuN/8+Y+bLQgGyFl6WCfUidsELJ2Q+9mgVXmbP5mfPR/Fc4nZcU45dI/MsCgEK0QWL83Bu+FdeC9Rq3lSaZDOrS86b/GX+jH/Cpgt55MynPQR3k95DvqccJ71hfks4M=
xfv759eZUWt2qwP1KB3zqLn15xYEho2CcQEmjppvfdprJZWbhfY7iiqgR2FaApnPuMR2hk/6QA2G8gVFEn/77Daq7qsYJNEvnXt/y3OH/9uvCziRBwR67lP9/rgnZtxyN4OojzJ8/nvKujS74e4baJtIpBk/3d3/jD17zjqkuzEHVE66aEqz38GLwDk+nZS+JuTTmdoL3XjofOb6eOWNQJMXda55eNeMpALwy7yiB1nSPdXDHPcOcyEL5oV27mQny/SvvpsWAh6TfGzsn+o/Vyn2KxxNyHPIE+azhQ==
Q2U44+0klLzFeLcBE0eHbtiGT7MnwVFqAcMi4usdWCeVkUtCgC2/GUWwRJ3C8/oHmV7R6n7Ih7ppOpaKu/NYsZfJY43mKwjPHikoG3rBkKD8tfP2d9V+fj2t+UiDiegAElDbAtKcaeTOWyFfKVVz3NTtivEGql5b61CbTyAZX0bHak2v1je4sCwk8rBfCL8LtKg8ESGuvya/sjrZ8W28HXPbH2tlMpFgfsYtg9hcxm1OjmBiyseohmDckdD2lb9nA9nR3lelj1y5RcVbdsftM/F/v3/RFeWzgA==
DQ4vP3cZjL9QvcjMfV8k5NiGT7MnwVFqAcMi4usdWCeVkUtCgC2/GUWwRJ3C8/oHmV7R6n7Ih7ppOpaKsuBSrJfLY43mKwjPHikoG3rBkKD8tfP2d9V+fj2t+UiDiegAElDbAtKcaeTOWyFfKVVz3NTtivEGql5b61CbTyAZX0bHak2v1je4sCwk8rBfCL8LtKg8ESGuvya/sjrZ8W28HXPbH2tlMpFgfsYtg9hcxm1OjmBiyseohmDckdD2lb9nA9nR3lelj1y5RcVbdsftM/F/v3/RFeWzgA==
mIOoVQwUOEXgYHsqQukySUEfgLgocT8mIUrBcdf0hlyuZ9fqzpf1DsZT/cGDfnJGXsCBqMpCOzujIr3lkiUnclAb1kywE/ZT5RVwx66vuMV+Q7wN5pAKmZXuYdl4fjuh71DlpR4wZJwdWoRwz4Rot7fHr9kFbCJB7CnQ5hibrRxNl0Y1qXaxZku3wNue0ArIpOiZxMm7QgRaibciOaY5PqxBl8FKrQUX2TMz3rcAWCo7m95QsF24oga6HIvuRiaQRwiQOUnXdVVXRsFJKTwfqZMDsAubAwdT2WfHGeOzhg==
dnlrBaPfR/Dvg3zaLWqHmtPMwr7RZHzz7tEz7SK99ce1TCBVuglMEQF609yq2ZO1JmhaPqjLFmft/3reANGYuJciX3st68+7hvznQxgHnMgTeYEeh4UfWSgllZump/2zwR+Pv2F1VbMw
crdkkizx0oTmgz/61vtv7MO1AQvXErmlePVTJC4sNAaMC/cfryVFsqDyBB4yhLkf0gZoNkqEW0+sZSzNQ8Bxes+5twLp20YiVaSl7nGewZL7ex8kB5FvX6S/KKqGhsbc+skqpsh0nDqxMXPQFlb7gefEzioI+nOv4ZvAKR7tVA5GdFMJOrudiMhs5upYFc3wc4f1PhnIF/yEEvDbnNLH6bKtVVP8R06DARvmlVYeJJcrZC8u+6bCbrNsaP2/mv/nSWarjK14Mzgz9rOV
+BZbxjLCtIV9mEp3eY2vGmsxJpmCeQZDMRQjMAeCEM8SvdIpq4bR5HvY240ujM0g6wjDhwZaNpx4GS8Vm2ECL28bTMqb0ycla/shVQMFELeZpXYTtvIM+P98yQKdtBJSa5pDsGNXUlP1PEmPcPnPxjcK/W+m14iw3ATCcC+oD4skCGzRcY6vJq+SahmhzSydw3tvq1USYWBOJl1DaDw27d5uMKIap7iGcDzBkCb1L+dzOWGep8W/WMhl9RuGZ12zYd9vPwE19bOQ
+BZbxjLCtIV9mEp3eY2vGmsxJpmCeQZDMRQjMAeCEM8SvdIpq4bR5HvY240ujM0g6wjDhwZaNpx4GS8Vm2ECL28bTMqb0ycla/shVQMFELeZpXYTtvIM+P98yQKdtBJSa5pDsGNXUlP1PEmPcPnPxjcK/W+m14iw3ATCcC+oD4skCGzRcY6vJq+SahmhzSydw3tvq1USYWBOJl1DaDw27d5uMKIap7iGcDzBkCb1L+dzOWGep8W/WMhl9RuGZ12zYd9vPwE19bOQ
+BZbxjLCtIV9mEp3eY2vGmsxJpmCeQZDMRQjMAeCEM8SvdIpq4bR5HvY240ujM0g6wjDhwZaNpx4GS8Vm2ECL28bTMqb0ycla/shVQMFELeZpXYTtvIM+P98yQKdtBJSa5pDsGNXUlP1PEmPcPnPxjcK/W+m14iw3ATCcC+oD4skCGzRcY6vJq+SahmhzSydw3tvq1USYWBOJl1DaDw27d5uMKIap7iGcDzBkCb1L+dzOWGep8W/WMhl9RuGZ12zYd9vPwE19bOQ
+BZbxjLCtIV9mEp3eY2vGmsxJpmCeQZDMRQjMAeCEM8SvdIpq4bR5HvY240ujM0g6wjDhwZaNpx4GS8Vm2ECL28bTMqb0ycla/shVQMFELeZpXYTtvIM+P98yQKdtBJSa5pDsGNXUlP1PEmPcPnPxjcK/W+m14iw3ATCcC+oD4skCGzRcY6vJq+SahmhzSydw3tvq1USYWBOJl1DaDw27d5uMKIap7iGcDzBkCb1L+dzOWGep8W/WMhl9RuGZ12zYd9vPwE19bOQ
+BZbxjLCtIV9mEp3eY2vGmsxJpmCeQZDMRQjMAeCEM8SvdIpq4bR5HvY240ujM0g6wjDhwZaNpx4GS8Vm2ECL28bTMqb0ycla/shVQMFELeZpXYTtvIM+P98yQKdtBJSa5pDsGNXUlP1PEmPcPnPxjcK/W+m14iw3ATCcC+oD4skCGzRcY6vJq+SahmhzSydw3tvq1USYWBOJl1DaDw27d5uMKIap7iGcDzBkCb1L+dzOWGep8W/WMhl9RuGZ12zYd9vPwE19bOQ
R2Nl6jcGc0RF+d3ta5uohtPMwr7RZH/z7tEz7SK99ce1TCBVuglMEQF609yq2ZO1JmhaPqjLFmft/3reANGYuZciX3st68+7hvznQxgHnMgTeYEeh4UfUigllZump/2zwR+Pv2F1VbMw
R8ehrgxR88nRbZ/42E2278O1AQvXErmlePVTJC4sNAaMC/cfryVFsqDyBB4yhLkf0gZoNkqEW0+sZSzNQ8Bxes+5twLp20YiVaSl7nGewZL7ex8kB5FvX6S/KKqGhsbc+skqpsh0nDqxMXPQFlb7gefEzioI+nOv4ZvAKR7tVA5GdFMJOrudiMhs5upYFc3wc4f1PhnIF/yEEvDbnNLH6bKtVVP8R06DARvmlVYeJJcrZC8u+6bCbrNsaP2/m//nSWarjK14Mzgz9rOV
JwRDn3WIvEn5RmUf21BjkmsxJpmCeQZDMRQjMAeCEM8SvdIpq4bR5HvY240ujM0g6wjDhwZaNpx4GS8Vm2ECL28bTMqb0ycla/shVQMFELeZpXYTtvIM+P98yQKdtBJSa5pDsGNXUlP1PEmPcPnPxjcK/W+m14iw3ATCcC+oD4skCGzRcY6vJq+SahmhzSydw3tvq1USYWBOJl1DaDw27d5uMKIap7iGcDzBkCb1L+dzOWGep8W/WMhl9BuGZ12zYd9vPwE19bOQ
JwRDn3WIvEn5RmUf21BjkmsxJpmCeQZDMRQjMAeCEM8SvdIpq4bR5HvY240ujM0g6wjDhwZaNpx4GS8Vm2ECL28bTMqb0ycla/shVQMFELeZpXYTtvIM+P98yQKdtBJSa5pDsGNXUlP1PEmPcPnPxjcK/W+m14iw3ATCcC+oD4skCGzRcY6vJq+SahmhzSydw3tvq1USYWBOJl1DaDw27d5uMKIap7iGcDzBkCb1L+dzOWGep8W/WMhl9BuGZ12zYd9vPwE19bOQ
JwRDn3WIvEn5RmUf21BjkmsxJpmCeQZDMRQjMAeCEM8SvdIpq4bR5HvY240ujM0g6wjDhwZaNpx4GS8Vm2ECL28bTMqb0ycla/shVQMFELeZpXYTtvIM+P98yQKdtBJSa5pDsGNXUlP1PEmPcPnPxjcK/W+m14iw3ATCcC+oD4skCGzRcY6vJq+SahmhzSydw3tvq1USYWBOJl1DaDw27d5uMKIap7iGcDzBkCb1L+dzOWGep8W/WMhl9BuGZ12zYd9vPwE19bOQ
JwRDn3WIvEn5RmUf21BjkmsxJpmCeQZDMRQjMAeCEM8SvdIpq4bR5HvY240ujM0g6wjDhwZaNpx4GS8Vm2ECL28bTMqb0ycla/shVQMFELeZpXYTtvIM+P98yQKdtBJSa5pDsGNXUlP1PEmPcPnPxjcK/W+m14iw3ATCcC+oD4skCGzRcY6vJq+SahmhzSydw3tvq1USYWBOJl1DaDw27d5uMKIap7iGcDzBkCb1L+dzOWGep8W/WMhl9BuGZ12zYd9vPwE19bOQ
JwRDn3WIvEn5RmUf21BjkmsxJpmCeQZDMRQjMAeCEM8SvdIpq4bR5HvY240ujM0g6wjDhwZaNpx4GS8Vm2ECL28bTMqb0ycla/shVQMFELeZpXYTtvIM+P98yQKdtBJSa5pDsGNXUlP1PEmPcPnPxjcK/W+m14iw3ATCcC+oD4skCGzRcY6vJq+SahmhzSydw3tvq1USYWBOJl1DaDw27d5uMKIap7iGcDzBkCb1L+dzOWGep8W/WMhl9BuGZ12zYd9vPwE19bOQ
N99wydp0ilbepGywK1X0bcO1AQvXErmlePVTJC4sNAaMC/cfryVFsqDyBB4yhLkf0gZoNkqEW0+sZSzNQ8Bxes+5twLp20YiVaSl7nGewZL7ex8kB5FvX6S/KKqGhsbc+skqpsh0nDqxMXPQFlb7gefEzioI+nOv4ZvAKR7tVA5GdFMJOrudiMhs5upYFc3wc4f1PhnIF/yEEvDbnNLH6bKtVVP8R06DARvmlVYeJJcrZC8u+6bCbrNsbvu/lP/nSWarjK14Mzgz9rOV
7QSvNe5i5NxsDUfqeozFImsxJpmCeQZDMRQjMAeCEM8SvdIpq4bR5HvY240ujM0g6wjDhwZaNpx4GS8Vm2ECL28bTMqb0ycla/shVQMFELeZpXYTtvIM+P98yQKdtBJSa5pDsGNXUlP1PEmPcPnPxjcK/W+m14iw3ATCcC+oD4skCGzRcY6vJq+SahmhzSydw3tvq1USYWBOJl1DaDw27d5uMKIap7iGcDzBkCb1L+dzOWGep8W/Xs5l+xuGZ12zYd9vPwE19bOQ
7QSvNe5i5NxsDUfqeozFImsxJpmCeQZDMRQjMAeCEM8SvdIpq4bR5HvY240ujM0g6wjDhwZaNpx4GS8Vm2ECL28bTMqb0ycla/shVQMFELeZpXYTtvIM+P98yQKdtBJSa5pDsGNXUlP1PEmPcPnPxjcK/W+m14iw3ATCcC+oD4skCGzRcY6vJq+SahmhzSydw3tvq1USYWBOJl1DaDw27d5uMKIap7iGcDzBkCb1L+dzOWGep8W/Xs5l+xuGZ12zYd9vPwE19bOQ
7QSvNe5i5NxsDUfqeozFImsxJpmCeQZDMRQjMAeCEM8SvdIpq4bR5HvY240ujM0g6wjDhwZaNpx4GS8Vm2ECL28bTMqb0ycla/shVQMFELeZpXYTtvIM+P98yQKdtBJSa5pDsGNXUlP1PEmPcPnPxjcK/W+m14iw3ATCcC+oD4skCGzRcY6vJq+SahmhzSydw3tvq1USYWBOJl1DaDw27d5uMKIap7iGcDzBkCb1L+dzOWGep8W/Xs5l+xuGZ12zYd9vPwE19bOQ
7QSvNe5i5NxsDUfqeozFImsxJpmCeQZDMRQjMAeCEM8SvdIpq4bR5HvY240ujM0g6wjDhwZaNpx4GS8Vm2ECL28bTMqb0ycla/shVQMFELeZpXYTtvIM+P98yQKdtBJSa5pDsGNXUlP1PEmPcPnPxjcK/W+m14iw3ATCcC+oD4skCGzRcY6vJq+SahmhzSydw3tvq1USYWBOJl1DaDw27d5uMKIap7iGcDzBkCb1L+dzOWGep8W/Xs5l+xuGZ12zYd9vPwE19bOQ
7QSvNe5i5NxsDUfqeozFImsxJpmCeQZDMRQjMAeCEM8SvdIpq4bR5HvY240ujM0g6wjDhwZaNpx4GS8Vm2ECL28bTMqb0ycla/shVQMFELeZpXYTtvIM+P98yQKdtBJSa5pDsGNXUlP1PEmPcPnPxjcK/W+m14iw3ATCcC+oD4skCGzRcY6vJq+SahmhzSydw3tvq1USYWBOJl1DaDw27d5uMKIap7iGcDzBkCb1L+dzOWGep8W/Xs5l+xuGZ12zYd9vPwE19bOQ
uN61QF7DXqUVaBJvg91fL8O1AQvXErmlePVTJC4sNAaMC/cfryVFsqDyBB4yhLkf0gZoNkqEW0+sZSzNQ8Bxes+5twLp20YiVaSl7nGewZL7ex8kB5FvX6S/KKqGhsbc+skqpsh0nDqxMXPQFlb7gefEzioI+nOv4ZvAKR7tVA5GdFMJOrudiMhs5upYFc3wc4f1PhnIF/yEEvDbnNLH6bKtVVP8R06DARvmlVYeJJcrZC8u+6bCbrNsbPu/lP/nSWarjK14Mzgz9rOV
YSj2G7n4FO5ReY7Cd7H+92sxJpmCeQZDMRQjMAeCEM8SvdIpq4bR5HvY240ujM0g6wjDhwZaNpx4GS8Vm2ECL28bTMqb0ycla/shVQMFELeZpXYTtvIM+P98yQKdtBJSa5pDsGNXUlP1PEmPcPnPxjcK/W+m14iw3ATCcC+oD4skCGzRcY6vJq+SahmhzSydw3tvq1USYWBOJl1DaDw27d5uMKIap7iGcDzBkCb1L+dzOWGep8W/XM5l+xuGZ12zYd9vPwE19bOQ
exsk/aGZGck15R5splu+H8O1AQvXErmlePVTJC4sNAaMC/cfryVFsqDyBB4yhLkf0gZoNkqEW0+sZSzNQ8Bxes+5twLp20YiVaSl7nGewZL7ex8kB5FvX6S/KKqGhsbc+skqpsh0nDqxMXPQFlb7gefEzioI+nOv4ZvAKR7tVA5GdFMJOrudiMhs5upYFc3wc4f1PhnIF/yEEvDbnNLH6bKtVVP8R06DARvmlVYeJJcrZC8u+6bCbrNsbvy/lP/nSWarjK14Mzgz9rOV
gsuEA3m6XDxEo5K66yex5GsxJpmCeQZDMRQjMAeCEM8SvdIpq4bR5HvY240ujM0g6wjDhwZaNpx4GS8Vm2ECL28bTMqb0ycla/shVQMFELeZpXYTtvIM+P98yQKdtBJSa5pDsGNXUlP1PEmPcPnPxjcK/W+m14iw3ATCcC+oD4skCGzRcY6vJq+SahmhzSydw3tvq1USYWBOJl1DaDw27d5uMKIap7iGcDzBkCb1L+dzOWGep8W/Xsll+xuGZ12zYd9vPwE19bOQ
gsuEA3m6XDxEo5K66yex5GsxJpmCeQZDMRQjMAeCEM8SvdIpq4bR5HvY240ujM0g6wjDhwZaNpx4GS8Vm2ECL28bTMqb0ycla/shVQMFELeZpXYTtvIM+P98yQKdtBJSa5pDsGNXUlP1PEmPcPnPxjcK/W+m14iw3ATCcC+oD4skCGzRcY6vJq+SahmhzSydw3tvq1USYWBOJl1DaDw27d5uMKIap7iGcDzBkCb1L+dzOWGep8W/Xsll+xuGZ12zYd9vPwE19bOQ
gsuEA3m6XDxEo5K66yex5GsxJpmCeQZDMRQjMAeCEM8SvdIpq4bR5HvY240ujM0g6wjDhwZaNpx4GS8Vm2ECL28bTMqb0ycla/shVQMFELeZpXYTtvIM+P98yQKdtBJSa5pDsGNXUlP1PEmPcPnPxjcK/W+m14iw3ATCcC+oD4skCGzRcY6vJq+SahmhzSydw3tvq1USYWBOJl1DaDw27d5uMKIap7iGcDzBkCb1L+dzOWGep8W/Xsll+xuGZ12zYd9vPwE19bOQ
gsuEA3m6XDxEo5K66yex5GsxJpmCeQZDMRQjMAeCEM8SvdIpq4bR5HvY240ujM0g6wjDhwZaNpx4GS8Vm2ECL28bTMqb0ycla/shVQMFELeZpXYTtvIM+P98yQKdtBJSa5pDsGNXUlP1PEmPcPnPxjcK/W+m14iw3ATCcC+oD4skCGzRcY6vJq+SahmhzSydw3tvq1USYWBOJl1DaDw27d5uMKIap7iGcDzBkCb1L+dzOWGep8W/Xsll+xuGZ12zYd9vPwE19bOQ
gsuEA3m6XDxEo5K66yex5GsxJpmCeQZDMRQjMAeCEM8SvdIpq4bR5HvY240ujM0g6wjDhwZaNpx4GS8Vm2ECL28bTMqb0ycla/shVQMFELeZpXYTtvIM+P98yQKdtBJSa5pDsGNXUlP1PEmPcPnPxjcK/W+m14iw3ATCcC+oD4skCGzRcY6vJq+SahmhzSydw3tvq1USYWBOJl1DaDw27d5uMKIap7iGcDzBkCb1L+dzOWGep8W/Xsll+xuGZ12zYd9vPwE19bOQ
0b36s66whoUJVXFKTwxFEMO1AQvXErmlePVTJC4sNAaMC/cfryVFsqDyBB4yhLkf0gZoNkqEW0+sZSzNQ8Bxes+5twLp20YiVaSl7nGewZL7ex8kB5FvX6S/KKqGhsbc+skqpsh0nDqxMXPQFlb7gefEzioI+nOv4ZvAKR7tVA5GdFMJOrudiMhs5upYFc3wc4f1PhnIF/yEEvDbnNLH6bKtVVP8R06DARvmlVYeJJcrZC8u+6bCbrNsbvq/lf/nSWarjK14Mzgz9rOV
gqWMrYeVK/Rsd/TetlRtF2sxJpmCeQZDMRQjMAeCEM8SvdIpq4bR5HvY240ujM0g6wjDhwZaNpx4GS8Vm2ECL28bTMqb0ycla/shVQMFELeZpXYTtvIM+P98yQKdtBJSa5pDsGNXUlP1PEmPcPnPxjcK/W+m14iw3ATCcC+oD4skCGzRcY6vJq+SahmhzSydw3tvq1USYWBOJl1DaDw27d5uMKIap7iGcDzBkCb1L+dzOWGep8W/Xs9l+huGZ12zYd9vPwE19bOQ
ST+qzCcZEmRVqNStzTvEBn0pOx2/MjCr8A8JxXdfGtCMN4Sq1v3/wgMi0vKb2Cqx5/GPm8FyC6AVvOPk2wKzGQ==
MVyuR3bPdEtLyL0rQQ3AlmsWx7IXWwJ7z4XtWadIz262IBCayMtZGR+rmlwUkzQWHqkfrvsmwu6z7Gp9vxX/Z0nmqwyt+DO4M3azFQ==
8Ixb5Cf98aTS8df50PiZna6M4hj8kiQopo2VHmMCdY27smUqNhZ4k2iPSBfjbO0tlbveDhY9Ch3aumtaRoiNlCCHUa1rNo2B7XpaYVAzzDN/I2NLRXdLEWezAg==
MU9jQFYmapT56I5MfbP8KFJx9r6GWrpp0FfJROc5t+scWry1gLkI+rl+TICnwOLX8znhnifFP1xIZXobBmfds+Hf7z+BNXWzEA==
lBAsZX3l6EVkFkugvhsfg62M4hj8kiQopo2VHmMCdY27smUqNhZ4k2iPSBfjbO0tlbveDhY9Ch3aumtaRoiNlCCHUa1rNo2B7XxaYVAzzDN/I2NLRXdLEWezAg==
1pDz1oIPZ8ncgphRZ0O2PsO1AQvXErmlePVTJC4sNAaMC/cfryVFsqDyBB4yhLkf0gZoNkqEW0+sZSzNQ8Bxes+5twLp20YiVaSl7nGewZL7ex8kB5FvX6S/KKqGhsbc+skqpsh0nDqxMXPQFlb7gefEzioI+nOv4ZvAKR7tVA5GdFMJOrudiMhs5upYFc3wc4f1PhnIF/yEEvDbnNLH6bKtVVP8R06DARvmlVYeJJcrZC8u+6bCbrNsbfm/nPjnSWarjK14Mzgz9rOV
faPi2SIAecC1HJ3aotTpUGsxJpmCeQZDMRQjMAeCEM8SvdIpq4bR5HvY240ujM0g6wjDhwZaNpx4GS8Vm2ECL28bTMqb0ycla/shVQMFELeZpXYTtvIM+P98yQKdtBJSa5pDsGNXUlP1PEmPcPnPxjcK/W+m14iw3ATCcC+oD4skCGzRcY6vJq+SahmhzSydw3tvq1USYWBOJl1DaDw27d5uMKIap7iGcDzBkCb1L+dzOWGep8W/Xcxl8xyGZ12zYd9vPwE19bOQ
G7IR0apUv5p85bT20UQ+SsO1AQvXErmlePVTJC4sNAaMC/cfryVFsqDyBB4yhLkf0gZoNkqEW0+sZSzNQ8Bxes+5twLp20YiVaSl7nGewZL7ex8kB5FvX6S/KKqGhsbc+skqpsh0nDqxMXPQFlb7gefEzioI+nOv4ZvAKR7tVA5GdFMJOrudiMhs5upYFc3wc4f1PhnIF/yEEvDbnNLH6bKtVVP8R06DARvmlVYeJJcrZC8u+6bCbrNsYvm/nfjnSWarjK14Mzgz9rOV
Jcyv75uaoL9xJrvgi4i6U2sxJpmCeQZDMRQjMAeCEM8SvdIpq4bR5HvY240ujM0g6wjDhwZaNpx4GS8Vm2ECL28bTMqb0ycla/shVQMFELeZpXYTtvIM+P98yQKdtBJSa5pDsGNXUlP1PEmPcPnPxjcK/W+m14iw3ATCcC+oD4skCGzRcY6vJq+SahmhzSydw3tvq1USYWBOJl1DaDw27d5uMKIap7iGcDzBkCb1L+dzOWGep8W/Usxl8hyGZ12zYd9vPwE19bOQ
0qHRVuCp77RyAD0+3i3Q+cO1AQvXErmlePVTJC4sNAaMC/cfryVFsqDyBB4yhLkf0gZoNkqEW0+sZSzNQ8Bxes+5twLp20YiVaSl7nGewZL7ex8kB5FvX6S/KKqGhsbc+skqpsh0nDqxMXPQFlb7gefEzioI+nOv4ZvAKR7tVA5GdFMJOrudiMhs5upYFc3wc4f1PhnIF/yEEvDbnNLH6bKtVVP8R06DARvmlVYeJJcrZC8u+6bCbrNsaPq/nfjnSWarjK14Mzgz9rOV
cre15nRULGYJCt96DPuT5msxJpmCeQZDMRQjMAeCEM8SvdIpq4bR5HvY240ujM0g6wjDhwZaNpx4GS8Vm2ECL28bTMqb0ycla/shVQMFELeZpXYTtvIM+P98yQKdtBJSa5pDsGNXUlP1PEmPcPnPxjcK/W+m14iw3ATCcC+oD4skCGzRcY6vJq+SahmhzSydw3tvq1USYWBOJl1DaDw27d5uMKIap7iGcDzBkCb1L+dzOWGep8W/WM9l8hyGZ12zYd9vPwE19bOQ
rk6mGeGdJI8oap/g/nU8/BZq66/TFsEv1g6ODbsytelaErqigLg+vqMqQYS9yP3H8znhnifFP1xNZXEcBmfds+Hf7z+BNXWzEA==
D2EJMdBHw5KElqxHTEhjWTZHkOlaEwtqi4/yDPBTzHSsLGKZms1OGR6d3kZAniMDEqwPrvsmwu6z7Gx4vx74Z0nmqwyt+DO4M3azFQ==
B2fguv/mr3MjA/Pees67DBdw7a/PDsAv1g6ODbsytelaErqigLg+vqMqQYS9yP3H8znhnifFP11MZXEcBmfds+Hf7z+BNXWzEA==
YEPZsue3UFti2h4/ZOuUqA6qxvlMWaK43EhsF2uNhOIh2y4uLY7nG1zYgoJoyCa+u9opt4qcL4c7ibl+T1WH3bT12bxel5VzKY8XX6kFbbMI
+aChAUGNfSl/NDURP6HhyaACD28adnpdb5oJScb6zlIUILI+L7LV9EmgYWdPkbVOUz1zmANdRUzSDyHT/ffbD5UtebMc
/kbtEo7J2lZzmnzGQSTr+HJIo5j2Walj3B7BQKFlm9gUCLqigLg+vqMqQZeyzOfH8znhnifFP1hPZXEcBmfds+Hf7z+BNXWzEA==
37eDZc7AZrZMnNqurjDDQKECD28adnpdb5oJScb6zlIUILI+L7LV9EmgYWdPkbVOUz1znQNdRUzSDyHT/ffbD5UtebMc
ttbAAe8NymEBmCYUS3PBXHJIo5j2Walj3B7BQKFkm9gUCLqigLg+vqMqQZeyzOfH8znhnifFP11PZXEcBmfds+Hf7z+BNXWzEA==
qT3/YCYuMJqaDqTc69g70NPMwr7RZHzz7tEz7SK99ce1TCBVuglNEQF609yq2ZO1JmhaPqjLFmft/3reANGYupciX3st68+7hvznQxgHnMgTeYEeh4UfXSklkZymp/2zwR+Pv2F1VbMw
Ti6A6qNZjUf/EL4V5WVuoNPMwr7RZH/z7tEz7SK99ce1TCBVuglNEQF609yq2ZO1JmhaPqjLFmft/3reANGYu5ciX3st68+7hvznQxgHnMgTeYEeh4UfXCglkZymp/2zwR+Pv2F1VbMw
J4855E7lHEapBvBbOSV0/8O1AQvXErmlePVTJC4sNAaMC/cfryVFsqDyBB4yhLkf0gZoNkqEW0+sZSzNQ8Bxes+5twLp20YiVaSl7nGewZL7ex8kB5FvX6S/KKqGhsbc+skqpsh0nDqxMXPQFlb7gefEzioI+nOv4ZvAKR7tVA5GdFMJOrudiMhs5upYFc3wc4f1PhnIF/yEEvDbnNLH6bKtVVP8R06DARvmlVYeJJcrZC8u+6bCbrNsafi/n/jnSWarjK14Mzgz9rOV
9LstQp8GE8wnT6flku+F0WsxJpmCeQZDMRQjMAeCEM8SvdIpq4bR5HvY240ujM0g6wjDhwZaNpx4GS8Vm2ECL28bTMqb0ycla/shVQMFELeZpXYTtvIM+P98yQKdtBJSa5pDsGNXUlP1PEmPcPnPxjcK/W+m14iw3ATCcC+oD4skCGzRcY6vJq+SahmhzSydw3tvq1USYWBOJl1DaDw27d5uMKIap7iGcDzBkCb1L+dzOWGep8W/Wc1l8ByGZ12zYd9vPwE19bOQ
9LstQp8GE8wnT6flku+F0WsxJpmCeQZDMRQjMAeCEM8SvdIpq4bR5HvY240ujM0g6wjDhwZaNpx4GS8Vm2ECL28bTMqb0ycla/shVQMFELeZpXYTtvIM+P98yQKdtBJSa5pDsGNXUlP1PEmPcPnPxjcK/W+m14iw3ATCcC+oD4skCGzRcY6vJq+SahmhzSydw3tvq1USYWBOJl1DaDw27d5uMKIap7iGcDzBkCb1L+dzOWGep8W/Wc1l8ByGZ12zYd9vPwE19bOQ
9LstQp8GE8wnT6flku+F0WsxJpmCeQZDMRQjMAeCEM8SvdIpq4bR5HvY240ujM0g6wjDhwZaNpx4GS8Vm2ECL28bTMqb0ycla/shVQMFELeZpXYTtvIM+P98yQKdtBJSa5pDsGNXUlP1PEmPcPnPxjcK/W+m14iw3ATCcC+oD4skCGzRcY6vJq+SahmhzSydw3tvq1USYWBOJl1DaDw27d5uMKIap7iGcDzBkCb1L+dzOWGep8W/Wc1l8ByGZ12zYd9vPwE19bOQ
9LstQp8GE8wnT6flku+F0WsxJpmCeQZDMRQjMAeCEM8SvdIpq4bR5HvY240ujM0g6wjDhwZaNpx4GS8Vm2ECL28bTMqb0ycla/shVQMFELeZpXYTtvIM+P98yQKdtBJSa5pDsGNXUlP1PEmPcPnPxjcK/W+m14iw3ATCcC+oD4skCGzRcY6vJq+SahmhzSydw3tvq1USYWBOJl1DaDw27d5uMKIap7iGcDzBkCb1L+dzOWGep8W/Wc1l8ByGZ12zYd9vPwE19bOQ
9LstQp8GE8wnT6flku+F0WsxJpmCeQZDMRQjMAeCEM8SvdIpq4bR5HvY240ujM0g6wjDhwZaNpx4GS8Vm2ECL28bTMqb0ycla/shVQMFELeZpXYTtvIM+P98yQKdtBJSa5pDsGNXUlP1PEmPcPnPxjcK/W+m14iw3ATCcC+oD4skCGzRcY6vJq+SahmhzSydw3tvq1USYWBOJl1DaDw27d5uMKIap7iGcDzBkCb1L+dzOWGep8W/Wc1l8ByGZ12zYd9vPwE19bOQ
ICBIvPm9HCoUiCunVCgWgMO1AQvXErmlePVTJC4sNAaMC/cfryVFsqDyBB4yhLkf0gZoNkqEW0+sZSzNQ8Bxes+5twLp20YiVaSl7nGewZL7ex8kB5FvX6S/KKqGhsbc+skqpsh0nDqxMXPQFlb7gefEzioI+nOv4ZvAKR7tVA5GdFMJOrudiMhs5upYFc3wc4f1PhnIF/yEEvDbnNLH6bKtVVP8R06DARvmlVYeJJcrZC8u+6bCbrNsbfm/n/jnSWarjK14Mzgz9rOV
AEImQBJHgwHXSaAGHlHL22sxJpmCeQZDMRQjMAeCEM8SvdIpq4bR5HvY240ujM0g6wjDhwZaNpx4GS8Vm2ECL28bTMqb0ycla/shVQMFELeZpXYTtvIM+P98yQKdtBJSa5pDsGNXUlP1PEmPcPnPxjcK/W+m14iw3ATCcC+oD4skCGzRcY6vJq+SahmhzSydw3tvq1USYWBOJl1DaDw27d5uMKIap7iGcDzBkCb1L+dzOWGep8W/Xcxl8ByGZ12zYd9vPwE19bOQ
AEImQBJHgwHXSaAGHlHL22sxJpmCeQZDMRQjMAeCEM8SvdIpq4bR5HvY240ujM0g6wjDhwZaNpx4GS8Vm2ECL28bTMqb0ycla/shVQMFELeZpXYTtvIM+P98yQKdtBJSa5pDsGNXUlP1PEmPcPnPxjcK/W+m14iw3ATCcC+oD4skCGzRcY6vJq+SahmhzSydw3tvq1USYWBOJl1DaDw27d5uMKIap7iGcDzBkCb1L+dzOWGep8W/Xcxl8ByGZ12zYd9vPwE19bOQ
AEImQBJHgwHXSaAGHlHL22sxJpmCeQZDMRQjMAeCEM8SvdIpq4bR5HvY240ujM0g6wjDhwZaNpx4GS8Vm2ECL28bTMqb0ycla/shVQMFELeZpXYTtvIM+P98yQKdtBJSa5pDsGNXUlP1PEmPcPnPxjcK/W+m14iw3ATCcC+oD4skCGzRcY6vJq+SahmhzSydw3tvq1USYWBOJl1DaDw27d5uMKIap7iGcDzBkCb1L+dzOWGep8W/Xcxl8ByGZ12zYd9vPwE19bOQ
AEImQBJHgwHXSaAGHlHL22sxJpmCeQZDMRQjMAeCEM8SvdIpq4bR5HvY240ujM0g6wjDhwZaNpx4GS8Vm2ECL28bTMqb0ycla/shVQMFELeZpXYTtvIM+P98yQKdtBJSa5pDsGNXUlP1PEmPcPnPxjcK/W+m14iw3ATCcC+oD4skCGzRcY6vJq+SahmhzSydw3tvq1USYWBOJl1DaDw27d5uMKIap7iGcDzBkCb1L+dzOWGep8W/Xcxl8ByGZ12zYd9vPwE19bOQ
AEImQBJHgwHXSaAGHlHL22sxJpmCeQZDMRQjMAeCEM8SvdIpq4bR5HvY240ujM0g6wjDhwZaNpx4GS8Vm2ECL28bTMqb0ycla/shVQMFELeZpXYTtvIM+P98yQKdtBJSa5pDsGNXUlP1PEmPcPnPxjcK/W+m14iw3ATCcC+oD4skCGzRcY6vJq+SahmhzSydw3tvq1USYWBOJl1DaDw27d5uMKIap7iGcDzBkCb1L+dzOWGep8W/Xcxl8ByGZ12zYd9vPwE19bOQ
LwyOCjiw1QRz13FfIY5GLU87Lhj+hsbfxepiChnZkP3lL2X1jSMXvJbY49Kp2Yv27ABwJV4UPmYN60TQIRze0NiFD/ja0bXNeSNbpwl7QLCRG77rCniF9QeGcSm5M4iJZkTg66uDF/Oppxd5U7M2
8mmRMRPY5zbNYpJYhJl2OE87Lhj+hsbfxepiChnZkP3lL2X1jSMXvJbY49Kp2Yv27ABwJV4UPmYN60TQIRze0NiFD/ja0bXNeSNbpwl/SaeWG77rCniF9QeGcSm5PoiJYUTg66uDF/Oppxd5U7M2
jACE6gk6e1F0PFIuDGEwwE47Lhj+hsbfxepiChnZkP3lL2X1jSMXvJbY49Kp2Yv27ABwJV4UPmYN60TQIRze0NiFD/ja0bXNeSNbpwl7QLCRG77rCniF9QeGcSm5OI+JYUTg66uDF/Oppxd5U7M2
mDc6jSD0J31OHJHc1su6XsO1AQvXErmlePVTJC4sNAaMC/cfryVFsqDyBB4yhLkf0gZoNkqEW0+sZSzNQ8Bxes+5twLp20YiVaSl7nGewZL7ex8kB5FvX6S/KKqGhsbc+skqpsh0nDqxMXPQFlb7gefEzioI+nOv4ZvAKR7tVA5GdFMJOrudiMhs5upYFc3wc4f1PhnIF/yEEvDbnNLH6bKtVVP8R06DARvmlVYeJJcrZC8u+6bCbrNsb/m/mfjnSWarjK14Mzgz9rOV
WLOcOBLNwDqT/rjnxYA5l2sxJpmCeQZDMRQjMAeCEM8SvdIpq4bR5HvY240ujM0g6wjDhwZaNpx4GS8Vm2ECL28bTMqb0ycla/shVQMFELeZpXYTtvIM+P98yQKdtBJSa5pDsGNXUlP1PEmPcPnPxjcK/W+m14iw3ATCcC+oD4skCGzRcY6vJq+SahmhzSydw3tvq1USYWBOJl1DaDw27d5uMKIap7iGcDzBkCb1L+dzOWGep8W/X8xl9hyGZ12zYd9vPwE19bOQ
2DRUb3zgOkzrq0ol13XglVJx9r6GWrpp0FfJROc5t+scWry1gLkI+rl+TICnwOLX8znhnifFP1NMZXYcBmfds+Hf7z+BNXWzEA==
/JHGbj1WLHjk5Wa6/jhW3ayM4hj8kiQopo2VHmMCdY27smUqNhZ4k2iPSBfjbO0tlbveDhY9Ch3aumtaRoiNlCCHUa1rNo2B7XNeYVw0zDN/I2NLRXdLEWezAg==
c6tae3Nh4l0hgee29rFogcO1AQvXErmlePVTJC4sNAaMC/cfryVFsqDyBB4yhLkf0gZoNkqEW0+sZSzNQ8Bxes+5twLp20YiVaSl7nGewZL7ex8kB5FvX6S/KKqGhsbc+skqpsh0nDqxMXPQFlb7gefEzioI+nOv4ZvAKR7tVA5GdFMJOrudiMhs5upYFc3wc4f1PhnIF/yEEvDbnNLH6bKtVVP8R06DARvmlVYeJJcrZC8u+6bCbrNsbP2/lfjnSWarjK14Mzgz9rOV
Io5AFGZZbKOyoOptP42NumsxJpmCeQZDMRQjMAeCEM8SvdIpq4bR5HvY240ujM0g6wjDhwZaNpx4GS8Vm2ECL28bTMqb0ycla/shVQMFELeZpXYTtvIM+P98yQKdtBJSa5pDsGNXUlP1PEmPcPnPxjcK/W+m14iw3ATCcC+oD4skCGzRcY6vJq+SahmhzSydw3tvq1USYWBOJl1DaDw27d5uMKIap7iGcDzBkCb1L+dzOWGep8W/XMhl+hyGZ12zYd9vPwE19bOQ
ZE/IpYtf38Vj2CFi9uR3gMO1AQvXErmlePVTJC4sNAaMC/cfryVFsqDyBB4yhLkf0gZoNkqEW0+sZSzNQ8Bxes+5twLp20YiVaSl7nGewZL7ex8kB5FvX6S/KKqGhsbc+skqpsh0nDqxMXPQFlb7gefEzioI+nOv4ZvAKR7tVA5GdFMJOrudiMhs5upYFc3wc4f1PhnIF/yEEvDbnNLH6bKtVVP8R06DARvmlVYeJJcrZC8u+6bCbrNsafq/nPnnSWarjK14Mzgz9rOV
LQdn/PR9EMYiuxYDnDZHkGsxJpmCeQZDMRQjMAeCEM8SvdIpq4bR5HvY240ujM0g6wjDhwZaNpx4GS8Vm2ECL28bTMqb0ycla/shVQMFELeZpXYTtvIM+P98yQKdtBJSa5pDsGNXUlP1PEmPcPnPxjcK/W+m14iw3ATCcC+oD4skCGzRcY6vJq+SahmhzSydw3tvq1USYWBOJl1DaDw27d5uMKIap7iGcDzBkCb1L+dzOWGep8W/Wc9l8x2GZ12zYd9vPwE19bOQ
yjK7aUAowl2y6mpeZuEtqFJx9r6GWrpp0FfJROc5t+scWry1gLkI+rl+TICnwOLX8znhnifFP1JPZXMdBmfds+Hf7z+BNXWzEA==
7nf0m7D4CvJGQkG4K4ipE0u062ufJd1QyGS7MmOr7C0h60NlWhbA5dx0shePNH+gWnwPQokRS0oxJQU42/bJ3guKL3izHw==
hJT/fMZOVO+2XPCvPA9/YVSmdOxabmTo7ypU1ZipAPqxblRgzzCaF6vpST6fdbfbwRWLfe43BfPZ78cfmSV9sxg=
HLU92Z0vIEIRy9ohvKaNNBeWkDdom5lJ/9uaLPTD9Ea+GZ8eW/aCPtMcaozfzLm36VYrvA2o8+jTBrNl
qG2/jCb72vi0ExGvCmEdShGveu9IaWXo7ypU1ZipAPqxblRgzzCaF6vpST6fdbfdwRWLfe43BfPZ78cfmSV9sxg=
PNBgkAWHXoG8mqFQHujNB6MyfyoYYzQJJpAMCIuyyEUUIYR6NebY8FOofndPkbVOUz1znARdR03SDyHT/ffbD5UtebMc
9hr+eac4TPmf6o7Fa0B0Dw6us2vSZ5pD0m29fiCg7C0h60NlWhbA5dx0shePNH+gWnwPQo4SS0sxJQU42/bJ3guKL3izHw==
FzXwfK+ZGKdB2xNKi5G3c2xlPxK+NDC28A8JxXdfGtCMN4Sq1v3/wgMi0vKb2CO05/mJm8FyC6AVvOPk2wKzGQ==
IDuE1h1XXWvWGxj16auuJEQymIRvIQzfCV6/796blfRLYVOLuOIQJfwxjHo99rAQC3hGN5fhTS77jfsZiK0u7Wq/+ZMFpwMvvT1xsxQ=
ho9JkOhakxHuvKKRVMywhxENaYmLz6PIabUMIlGRnAB+Go8jZjr3ogK4aZwspx1lz6YJGVG7IXlcJSh7M8Pvw+EHjyl7sx4=
itrZ0K+065ILNvbnjKB71n81mo5r0Qt/Ej8yJwm7kPUHU1sCytzcg3v0Q+ZWvqfW52PoAikdeqnW4jVdWg7wrTz8Iu/PDG+oerR/2g2OuwMRLRUAG45ZVmtCH2CzBw==
1x2oZCTAwsv28c1wtBYbeGkAxr8OXA98z4/xDOMIz2n0JFnfzsdOWFmLmlwUkzQWHqkfrvsmwu6z7G19vx35Z0nmqwyt+DO4M3azFQ==
WUF0ttaO1teI6B9RNNjvl+YoJypVIXMbPNIDQc60xFJVZ6R6NebY8FOofndPkbVOUz1zkwRdRk3SDyHT/ffbD5UtebMc
3UBdV6LVn8m7a0KfShELVcO1AQvXErmlePVTJC4sNAaMC/cfryVFsqDyBB4yhLkf0gZoNkqEW0+sZSzNQ8Bxes+5twLp20YiVaSl7nGewZL7ex8kB5FvX6S/KKqGhsbc+skqpsh0nDqxMXPQFlb7gefEzioI+nOv4ZvAKR7tVA5GdFMJOrudiMhs5upYFc3wc4f1PhnIF/yEEvDbnNLH6bKtVVP8R06DARvmlVYeJJcrZC8u+6bCbrNsbvi/nvnnSWarjK14Mzgz9rOV
jLVl4VaMKEWZbgO6Ohz4cGsxJpmCeQZDMRQjMAeCEM8SvdIpq4bR5HvY240ujM0g6wjDhwZaNpx4GS8Vm2ECL28bTMqb0ycla/shVQMFELeZpXYTtvIM+P98yQKdtBJSa5pDsGNXUlP1PEmPcPnPxjcK/W+m14iw3ATCcC+oD4skCGzRcY6vJq+SahmhzSydw3tvq1USYWBOJl1DaDw27d5uMKIap7iGcDzBkCb1L+dzOWGep8W/Xs1l8R2GZ12zYd9vPwE19bOQ
D9OP7VMUKa1CatDWbSR3bReWkDdom5lJ/9uaLPXD9Ea+GZ8eW/aCPtMcaInfzrm36VYrvA2o8+jTBrNl
P3deMFdD/GYBWGKMimmm42xlPxK+NDC28A8JxXdfGtCNN4Sq1v3/wgMi0vKb2C+15/qJm8FyC6AVvOPk2wKzGQ==
ghj2Zers7EtLfW4ZE+ki90cymIRvIQzfCV6/796blfRLYVOLuOIQJfwxjHo997AQC3hGN5fhTS77jfsciK0t7Wq/+ZMFpwMvvT1xsxQ=
VbvHwoNbu9oTR8sE+ELuw2NV+Rpb2v+c5rTZ90iIubsmW/7swgca2J0vpILmxb8KU/qyGusgqD53YikzccrL6MXkA4wrerMR
lKGVuMsRjLYhJs1g2AlS9n81mo5r0Qt/Ej8xJwm7kPUHU1sCytzcg3v0Q+ZWvqfW52PoAikdeqnW4jZdWg7xrTz8Iu/PDG+oerR/2gKJuwARLRUAG45ZVmtCH2CzBw==
l/opLLmuHsN1aEYUQNvJyGkAxr8OXA98z4/xDOMIz2n0JFnfzsdOWFqLmlwVkzQWHqkfrvsmwu6z7G98vx75Z0nmqwyt+DO4M3azFQ==
jO5W6+ydRrY27dtyXbZQSOYoJypVIXMbPNIDQc60xFJVZKR6NefY8FOofndPkbVOUz1znQVdRU3SDyHT/ffbD5UtebMc
fPHPxXrC/OAPrQilZHeQMk47Lhj+hsbfxepiChnZkP3lL2X1jSMXvJbY49Kp2Yv27ABwJV4UPmYN60TQIRze0NiFD/ja0bXNeSNbpwl/SaeWG77rCniF9QeGcSm5PIuJZkXg66uDF/Oppxd5U7M2
s13vae/Z71RNAxM8twZvr087Lhj+hsbfxepiChnZkP3lL2X1jSMXvJbY49Kp2Yv27ABwJV4UPmYN60TQIRze0NiFD/ja0bXNeSNbpwl7QLCRG77rCniF9QeGcSm5P4qJZkXg66uDF/Oppxd5U7M2
Z4fzBL/R/uAVBReohKM4S8O1AQvXErmlePVTJC4sNAaMC/cfryVFsqDyBB4yhLkf0gZoNkqEW0+sZSzNQ8Bxes+5twLp20YiVaSl7nGewZL7ex8kB5FvX6S/KKqGhsbc+skqpsh0nDqxMXPQFlb7gefEzioI+nOv4ZvAKR7tVA5GdFMJOrudiMhs5upYFc3wc4f1PhnIF/yEEvDbnNLH6bKtVVP8R06DARvmlVYeJJcrZC8u+6bCbrNsbfm/n/nnSWarjK14Mzgz9rOV
LF2nj4pIlfXq/PVSw4YD0WsxJpmCeQZDMRQjMAeCEM8SvdIpq4bR5HvY240ujM0g6wjDhwZaNpx4GS8Vm2ECL28bTMqb0ycla/shVQMFELeZpXYTtvIM+P98yQKdtBJSa5pDsGNXUlP1PEmPcPnPxjcK/W+m14iw3ATCcC+oD4skCGzRcY6vJq+SahmhzSydw3tvq1USYWBOJl1DaDw27d5uMKIap7iGcDzBkCb1L+dzOWGep8W/Xcxl8B2GZ12zYd9vPwE19bOQ
NDT4PBca07cIUmuXf1lrVYurxIbR9VSeyUFCtaY+jcHakkhxTOAasy+Q13QKqEeGyNQDnWHxLRz70uHKG54nfLMb
q3+IIyQfmttAxazs59K5gzqvuU6m6SCb2rpLGqYILVQAhzFty7YtwQ18faE6tazzXyODC6X369EHs2I=
W7xExlFH51ZzQ6nA5W/7/5us3Y6cuR7Z10hEqeU1jcHakkhxTOAasy+Q13QKqEeGy9UDnWHxLRz70uHKG54nfLMb
B7KXUZfR8ExAzDLV8bayccpL/Q/RSOww8u9xfo7JGKviunMqnigFZEhHeb1jFrVRlfzlMadVxCMX48v7zReTIX+zGg==
fORMgmQLo45flhw/WFbArA3T1mdvm80DufuaLPTD9Ea+GZ8eW/aCPtMcaovfyrm36VYrvA2o8+jTBrNl
XGL1xw6mM6zNYtojj2420l01+s15XrP+Edh0didleMoNMSCo6mp7u+q6ezp2SP00kAfBDTv23aEdf2yBD/UcU++jE6v1N7sxd7MS
bT0rvuUOCVXo81uDXkUNDMO1AQvXErmlePVTJC4sNAaMC/cfryVFsqDyBB4yhLkf0gZoNkqEW0+sZSzNQ8Bxes+5twLp20YiVaSl7nGewZL7ex8kB5FvX6S/KKqGhsbc+skqpsh0nDqxMXPQFlb7gefEzioI+nOv4ZvAKR7tVA5GdFMJOrudiMhs5upYFc3wc4f1PhnIF/yEEvDbnNLH6bKtVVP8R06DARvmlVYeJJcrZC8u+6bCbrNsaP2/mvnnSWarjK14Mzgz9rOV
q2CzcPMOowK8R5skYPHf52sxJpmCeQZDMRQjMAeCEM8SvdIpq4bR5HvY240ujM0g6wjDhwZaNpx4GS8Vm2ECL28bTMqb0ycla/shVQMFELeZpXYTtvIM+P98yQKdtBJSa5pDsGNXUlP1PEmPcPnPxjcK/W+m14iw3ATCcC+oD4skCGzRcY6vJq+SahmhzSydw3tvq1USYWBOJl1DaDw27d5uMKIap7iGcDzBkCb1L+dzOWGep8W/WMhl9R2GZ12zYd9vPwE19bOQ
HIND6a2z82svXjURvp6ZFMO1AQvXErmlePVTJC4sNAaMC/cfryVFsqDyBB4yhLkf0gZoNkqEW0+sZSzNQ8Bxes+5twLp20YiVaSl7nGewZL7ex8kB5FvX6S/KKqGhsbc+skqpsh0nDqxMXPQFlb7gefEzioI+nOv4ZvAKR7tVA5GdFMJOrudiMhs5upYFc3wc4f1PhnIF/yEEvDbnNLH6bKtVVP8R06DARvmlVYeJJcrZC8u+6bCbrNsafi/m/nnSWarjK14Mzgz9rOV
HeIYT2TwfW5eyX1vZrdVimsxJpmCeQZDMRQjMAeCEM8SvdIpq4bR5HvY240ujM0g6wjDhwZaNpx4GS8Vm2ECL28bTMqb0ycla/shVQMFELeZpXYTtvIM+P98yQKdtBJSa5pDsGNXUlP1PEmPcPnPxjcK/W+m14iw3ATCcC+oD4skCGzRcY6vJq+SahmhzSydw3tvq1USYWBOJl1DaDw27d5uMKIap7iGcDzBkCb1L+dzOWGep8W/Wc1l9B2GZ12zYd9vPwE19bOQ
hIznOg44uPkri2xfrsXdEE87Lhj+hsbfxepiChnZkP3lL2X1jSMXvJbY49Kp2Yv27ABwJV4UPmYN60TQIRze0NiFD/ja0bXNeSNbpwl/SaeWG77rCniF9QeGcSm5O4mJYkXg66uDF/Oppxd5U7M2
KCKb6qUGSy3dOUIjgAjZck47Lhj+hsbfxepiChnZkP3lL2X1jSMXvJbY49Kp2Yv27ABwJV4UPmYN60TQIRze0NiFD/ja0bXNeSNbpwl7QLCRG77rCniF9QeGcSm5PYmJYkXg66uDF/Oppxd5U7M2
42sHJI75Kb8GSJpY6sgyBRjWkadvGQSx6HPiNFUYMD7rFaRyqdFEMFb69zNuOv+y+thBrHRnZbVnBpFp2TurycXAQKqLgzezCSe3OXOzFg==
n03xSL1MlJyDR2NqCRg7J4urxIbR9VSeyUFCtaY+jcHakkhxTOAasy+Q13QKqEeGztcDnmTxLBz70uHKG54nfLMb
JnvY/YMGSUDW2G7NeHX6rA0Nd9A1qXna6KsHHpjzLXtJg5pUBLsUPk5hX2arjmJGI2To8i+0XM8YLuvE/dATkCN+sx0=
SqbAHzbxtb7+A0yXEAAg91QGZpeYh6PDIOVdahaPlQZiWYQjZjr3ogK4aZwspx1lz6YJGVG+IXldICh6M8Pvw+EHjyl7sx4=
K/yqIR7WK4skYzcSOV3IrI3GjB8PgvAxZleceg3W4NB7mDa3B0Ed7sut6x+azd+out5pE7UHs+/t3QGzZA==
2ULfZdW4mBVBh3oDdDdjE+EyOj0RZjtdJZZEX8ey2BFeZ6R6NebY8FOofndPkbVOUz1zkgVdR0jSDiHT/ffbD5UtebMc
ihy/XiB7yEmZHbcKTvJMjks99s1gHq/uVN1/ejVlK4pKLymu9ilwu+q6ezp2SP00kAfBDTv23aEdeWqBCfAcUu+jE6v1N7sxd7MS
aD53EY2EHPQ4iU/7idF6Yg3T1mdvm80DufuaLPTD9Ea+GZ8eW/aCPtMcaYjfzby36FYrvA2o8+jTBrNl
Wv8hGD0uSoztqqhbQHBCiBjWkadvGQSx6HPiNFUYMD7rFaRyqdFEMFb69zNuOv+y+thBrHRnZbVnBpFp2T+rycTAQKqLgzezCSe3OXOzFg==
KYUQ9Azy7Dy0zrv4rWQXMUsl4cNmE6z0Edh0didleMoNMSCo6mp7u+q6ezp2SP00kAfBDTv23aEdfW6BCPAcUu+jE6v1N7sxd7MS
CxiGY031eD+E8HD34ELii0Ns+7TUWeNmmRLdDaJ+v+FSXLCiwf8o+rl+TICnwOLX8znhnifFP1tPZXIYBmbds+Hf7z+BNXWzEA==
Gx+ckesV6Ih+Y1xnWcr8L2kZkqsv4SJiCCVECDGNpNYJCXKNhiadydqaWGls2Cr779gnDOow1w5IWpMHBAlc1Lsa0fI7hjd0sxM=
g0J8U6Z5fwSCt3baTc9aN047Lhj+hsbfxepiChnZkP3lL2X1jSMXvJbY49Kp2Yv27ABwJV4UPmYN60TQIRze0NiFD/ja0bXNeSNbpwl/SaeWG77rCniF9QeGcSm5P46JY0Dg6quDF/Oppxd5U7M2
EaVV+sIIJrfeAgRYAn94c+Z9eH0/wgbGkoSXmOBrAhDJ4YrpHpAbqxtD1MPkJjR3GdaMt7Sh04m8mwRuR+0+zoxTWlMBjn5dSQBfCr/iOfab/erqTw89/bBAt0TKOOd2zqejBiTBzEx7AsG62w5HTLMr
c0Ho+og4W0aCHSWaKEVFJ+Z9eH0/wgXGkoSXmOBrAhDJ4ZDqOddDhFgHz9HDczRRGYjXp/PrjY+8nQJOW/AZ25hbW1MBlHhdVRheCr/iOfab/erqTw89/bBAt0TKOOd2wqejBiTBzEx7AsG62w5HTLMr
7uLnlk3sFPe70ulAlneitcO1AQvXErmlePVTJC4sNAaMC/cfryVFsqDyBB4yhLkf0gZoNkqEW0+sZSzNQ8Bxes+5twLp20YiVaSl7nGewZL7ex8kB5FvX6S/KKqGhsbc+skqpsh0nDqxMXPQFlb7gefEzioI+nOv4ZvAKR7tVA5GdFMJOrudiMhs5upYFc3wc4f1PhnIF/yEEvDbnNLH6bKtVVP8R06DARvmlVYeJJcrZC8u+6bCbrNsbfy/nv3nSGarjK14Mzgz9rOV
YcZZUR0AjnpkxI+lEwmAP2sxJpmCeQZDMRQjMAeCEM8SvdIpq4bR5HvY240ujM0g6wjDhwZaNpx4GS8Vm2ECL28bTMqb0ycla/shVQMFELeZpXYTtvIM+P98yQKdtBJSa5pDsGNXUlP1PEmPcPnPxjcK/W+m14iw3ATCcC+oD4skCGzRcY6vJq+SahmhzSydw3tvq1USYWBOJl1DaDw27d5uMKIap7iGcDzBkCb1L+dzOWGep8W/Xcll8RmGZl2zYd9vPwE19bOQ
XMUETrgGNcAuJJZYYlVsaMO1AQvXErmlePVTJC4sNAaMC/cfryVFsqDyBB4yhLkf0gZoNkqEW0+sZSzNQ8Bxes+5twLp20YiVaSl7nGewZL7ex8kB5FvX6S/KKqGhsbc+skqpsh0nDqxMXPQFlb7gefEzioI+nOv4ZvAKR7tVA5GdFMJOrudiMhs5upYFc3wc4f1PhnIF/yEEvDbnNLH6bKtVVP8R06DARvmlVYeJJcrZC8u+6bCbrNsb/2/nv3nSGarjK14Mzgz9rOV
2XHSsELsZMTWxSHoenS7IWsxJpmCeQZDMRQjMAeCEM8SvdIpq4bR5HvY240ujM0g6wjDhwZaNpx4GS8Vm2ECL28bTMqb0ycla/shVQMFELeZpXYTtvIM+P98yQKdtBJSa5pDsGNXUlP1PEmPcPnPxjcK/W+m14iw3ATCcC+oD4skCGzRcY6vJq+SahmhzSydw3tvq1USYWBOJl1DaDw27d5uMKIap7iGcDzBkCb1L+dzOWGep8W/X8hl8RmGZl2zYd9vPwE19bOQ
tS4NQWFo8dNowtdvodusMMYhfYohdxqofF9k8ga1P3qzinJqC1CjSZcS7UOQukuYJZTD/MsKs2E=
bAH3KJvCpzc9nvy+v3+KuQ3T1mdvm80DufuaLPTD9Ea+GZ8eW/aCPtMcaonfz7236FYrvA2o8+jTBrNl
k97RjVujZnC8UqqXXTiIQxENaYmLz6PIabUMIlGRnAB+Go8jZjr3ogK4aZwspx1lz6YJGVG6IXleISh6M8Pvw+EHjyl7sx4=
qB5aNmyhTx4lBf209zX2Ya+N51mr0mN4/NflXyJDAoPu4Cp0ckIizzieS033YPknnrnWFhxpQFv6umtaRoiNlCCHUa1rNo2B7XNaYVoxzDJ/I2NLRXdLEWezAg==
pcsO9EOWB6G1n34SMxICag3T1mdvm80DufuaLPTD9Ea+GZ8eW/aCPtMcaYjfyL236FYrvA2o8+jTBrNl
Ldoo/LvodCxvBmVRM/2ZMBENaYmLz6PIabUMIlGRnAB+Go8jZjr3ogK4aZwspx1lz6YJGVGzI3lZISh6M8Pvw+EHjyl7sx4=
oBKMyiGAFf4PWRm1DwpaqrOGuLC5u48iAnuWvf94egqAwbPKN8y22Isk323sGDkrhou+POEXGsi8/+RSRlU/mvMq8srLMK0tV7Rt49BaS3hlNENcC2qzAQ==
ixaJyoir861p493CUqqMg7LEdwX+735a3V3PTamHX0zwBl0JD5z+we57C1oKBIzr2xzzntZGF75HizhaacWqgbbKxWVaNgCFXNTyN49Uv0Da3M8ig/AL7rVFRNjb1gl+i2pvWLM/
dGz7cXlM26pxfrvTbWzJUGkAxr8OXA98z4/xDOMIz2n0JFnfzsdOWFmLmlwUkzQWHqkfrvsmwu6z7Gl7vxj9Z0jmqwyt+DO4M3azFQ==
bJVcAzl3ixm3MM9Wir9Kk+YoJypVIXMbPNIDQc60xFJVZ6R6NebY8FOofndPkbVOUz1znwJdQ0nSDiHT/ffbD5UtebMc
kgn6PKIDMMNPLXVGTYrb/YurxIbR9VSeyUFCtaY+jcHakkhxTOAasy+Q13QKqEeGztUDmmXxLBz70uHKG54nfLMb
OPARoqLoLOQvdJZEvSMbvpSWBFeF3f052mo4mSwISmtvSIfcqgD3PktqszLFWfxEO4oxovv21wSzYw==
JtYETmF9Vkr/9s5jNdZGdcO1AQvXErmlePVTJC4sNAaMC/cfryVFsqDyBB4yhLkf0gZoNkqEW0+sZSzNQ8Bxes+5twLp20YiVaSl7nGewZL7ex8kB5FvX6S/KKqGhsbc+skqpsh0nDqxMXPQFlb7gefEzioI+nOv4ZvAKR7tVA5GdFMJOrudiMhs5upYFc3wc4f1PhnIF/yEEvDbnNLH6bKtVVP8R06DARvmlVYeJJcrZC8u+6bCbrNsb/y/lP3nSGarjK14Mzgz9rOV
Yv807ipoedQ9PRJNX0FSCGsxJpmCeQZDMRQjMAeCEM8SvdIpq4bR5HvY240ujM0g6wjDhwZaNpx4GS8Vm2ECL28bTMqb0ycla/shVQMFELeZpXYTtvIM+P98yQKdtBJSa5pDsGNXUlP1PEmPcPnPxjcK/W+m14iw3ATCcC+oD4skCGzRcY6vJq+SahmhzSydw3tvq1USYWBOJl1DaDw27d5uMKIap7iGcDzBkCb1L+dzOWGep8W/X8ll+xmGZl2zYd9vPwE19bOQ
ha6YMhEBzCKUuNWgQskiU8O1AQvXErmlePVTJC4sNAaMC/cfryVFsqDyBB4yhLkf0gZoNkqEW0+sZSzNQ8Bxes+5twLp20YiVaSl7nGewZL7ex8kB5FvX6S/KKqGhsbc+skqpsh0nDqxMXPQFlb7gefEzioI+nOv4ZvAKR7tVA5GdFMJOrudiMhs5upYFc3wc4f1PhnIF/yEEvDbnNLH6bKtVVP8R06DARvmlVYeJJcrZC8u+6bCbrNsYvy/lP3nSGarjK14Mzgz9rOV
iTEU0J5kVD4Zb3tteZu5aWsxJpmCeQZDMRQjMAeCEM8SvdIpq4bR5HvY240ujM0g6wjDhwZaNpx4GS8Vm2ECL28bTMqb0ycla/shVQMFELeZpXYTtvIM+P98yQKdtBJSa5pDsGNXUlP1PEmPcPnPxjcK/W+m14iw3ATCcC+oD4skCGzRcY6vJq+SahmhzSydw3tvq1USYWBOJl1DaDw27d5uMKIap7iGcDzBkCb1L+dzOWGep8W/Usll+xmGZl2zYd9vPwE19bOQ
